0 info it worked if it ends with ok
1 verbose cli [ '/usr/local/bin/node',
1 verbose cli   '/usr/local/bin/npm',
1 verbose cli   'install',
1 verbose cli   'perl-nodejs' ]
2 info using npm@2.15.0
3 info using node@v4.4.2
4 verbose install initial load of /Volumes/AppsDocs/nodejs/openepg/package.json
5 verbose installManyTop reading scoped package data from /Volumes/AppsDocs/nodejs/openepg/node_modules/amdefine/package.json
6 verbose installManyTop reading scoped package data from /Volumes/AppsDocs/nodejs/openepg/node_modules/async/package.json
7 verbose installManyTop reading scoped package data from /Volumes/AppsDocs/nodejs/openepg/node_modules/batch/package.json
8 verbose installManyTop reading scoped package data from /Volumes/AppsDocs/nodejs/openepg/node_modules/bindings/package.json
9 verbose installManyTop reading scoped package data from /Volumes/AppsDocs/nodejs/openepg/node_modules/buffer-crc32/package.json
10 verbose installManyTop reading scoped package data from /Volumes/AppsDocs/nodejs/openepg/node_modules/bytes/package.json
11 verbose installManyTop reading scoped package data from /Volumes/AppsDocs/nodejs/openepg/node_modules/commander/package.json
12 verbose installManyTop reading scoped package data from /Volumes/AppsDocs/nodejs/openepg/node_modules/connect/package.json
13 verbose installManyTop reading scoped package data from /Volumes/AppsDocs/nodejs/openepg/node_modules/cookie/package.json
14 verbose installManyTop reading scoped package data from /Volumes/AppsDocs/nodejs/openepg/node_modules/cookie-signature/package.json
15 verbose installManyTop reading scoped package data from /Volumes/AppsDocs/nodejs/openepg/node_modules/core-util-is/package.json
16 verbose installManyTop reading scoped package data from /Volumes/AppsDocs/nodejs/openepg/node_modules/debug/package.json
17 verbose installManyTop reading scoped package data from /Volumes/AppsDocs/nodejs/openepg/node_modules/dnode/package.json
18 verbose installManyTop reading scoped package data from /Volumes/AppsDocs/nodejs/openepg/node_modules/dnode-protocol/package.json
19 verbose installManyTop reading scoped package data from /Volumes/AppsDocs/nodejs/openepg/node_modules/duplexer/package.json
20 verbose installManyTop reading scoped package data from /Volumes/AppsDocs/nodejs/openepg/node_modules/express/package.json
21 verbose installManyTop reading scoped package data from /Volumes/AppsDocs/nodejs/openepg/node_modules/express3-handlebars/package.json
22 verbose installManyTop reading scoped package data from /Volumes/AppsDocs/nodejs/openepg/node_modules/fresh/package.json
23 verbose installManyTop reading scoped package data from /Volumes/AppsDocs/nodejs/openepg/node_modules/ftp-response-parser/package.json
24 verbose installManyTop reading scoped package data from /Volumes/AppsDocs/nodejs/openepg/node_modules/glob/package.json
25 verbose installManyTop reading scoped package data from /Volumes/AppsDocs/nodejs/openepg/node_modules/handlebars/package.json
26 verbose installManyTop reading scoped package data from /Volumes/AppsDocs/nodejs/openepg/node_modules/handlebars-runtime/package.json
27 verbose installManyTop reading scoped package data from /Volumes/AppsDocs/nodejs/openepg/node_modules/iconv-lite/package.json
28 verbose installManyTop reading scoped package data from /Volumes/AppsDocs/nodejs/openepg/node_modules/inherits/package.json
29 verbose installManyTop reading scoped package data from /Volumes/AppsDocs/nodejs/openepg/node_modules/isarray/package.json
30 verbose installManyTop reading scoped package data from /Volumes/AppsDocs/nodejs/openepg/node_modules/jsftp/package.json
31 verbose installManyTop reading scoped package data from /Volumes/AppsDocs/nodejs/openepg/node_modules/jsonify/package.json
32 verbose installManyTop reading scoped package data from /Volumes/AppsDocs/nodejs/openepg/node_modules/keypress/package.json
33 verbose installManyTop reading scoped package data from /Volumes/AppsDocs/nodejs/openepg/node_modules/lru-cache/package.json
34 verbose installManyTop reading scoped package data from /Volumes/AppsDocs/nodejs/openepg/node_modules/memwatch-next/package.json
35 verbose installManyTop reading scoped package data from /Volumes/AppsDocs/nodejs/openepg/node_modules/merge-descriptors/package.json
36 verbose installManyTop reading scoped package data from /Volumes/AppsDocs/nodejs/openepg/node_modules/methods/package.json
37 verbose installManyTop reading scoped package data from /Volumes/AppsDocs/nodejs/openepg/node_modules/mime/package.json
38 verbose installManyTop reading scoped package data from /Volumes/AppsDocs/nodejs/openepg/node_modules/minimatch/package.json
39 verbose installManyTop reading scoped package data from /Volumes/AppsDocs/nodejs/openepg/node_modules/mkdirp/package.json
40 verbose installManyTop reading scoped package data from /Volumes/AppsDocs/nodejs/openepg/node_modules/moment/package.json
41 verbose installManyTop reading scoped package data from /Volumes/AppsDocs/nodejs/openepg/node_modules/ms/package.json
42 verbose installManyTop reading scoped package data from /Volumes/AppsDocs/nodejs/openepg/node_modules/multiparty/package.json
43 verbose installManyTop reading scoped package data from /Volumes/AppsDocs/nodejs/openepg/node_modules/nan/package.json
44 verbose installManyTop reading scoped package data from /Volumes/AppsDocs/nodejs/openepg/node_modules/negotiator/package.json
45 verbose installManyTop reading scoped package data from /Volumes/AppsDocs/nodejs/openepg/node_modules/once/package.json
46 verbose installManyTop reading scoped package data from /Volumes/AppsDocs/nodejs/openepg/node_modules/optimist/package.json
47 verbose installManyTop reading scoped package data from /Volumes/AppsDocs/nodejs/openepg/node_modules/parse-listing/package.json
48 verbose installManyTop reading scoped package data from /Volumes/AppsDocs/nodejs/openepg/node_modules/pause/package.json
49 verbose installManyTop reading scoped package data from /Volumes/AppsDocs/nodejs/openepg/node_modules/qs/package.json
50 verbose installManyTop reading scoped package data from /Volumes/AppsDocs/nodejs/openepg/node_modules/range-parser/package.json
51 verbose installManyTop reading scoped package data from /Volumes/AppsDocs/nodejs/openepg/node_modules/raw-body/package.json
52 verbose installManyTop reading scoped package data from /Volumes/AppsDocs/nodejs/openepg/node_modules/readable-stream/package.json
53 verbose installManyTop reading scoped package data from /Volumes/AppsDocs/nodejs/openepg/node_modules/semver/package.json
54 verbose installManyTop reading scoped package data from /Volumes/AppsDocs/nodejs/openepg/node_modules/send/package.json
55 verbose installManyTop reading scoped package data from /Volumes/AppsDocs/nodejs/openepg/node_modules/sigmund/package.json
56 verbose installManyTop reading scoped package data from /Volumes/AppsDocs/nodejs/openepg/node_modules/source-map/package.json
57 verbose installManyTop reading scoped package data from /Volumes/AppsDocs/nodejs/openepg/node_modules/stream-combiner/package.json
58 verbose installManyTop reading scoped package data from /Volumes/AppsDocs/nodejs/openepg/node_modules/stream-counter/package.json
59 verbose installManyTop reading scoped package data from /Volumes/AppsDocs/nodejs/openepg/node_modules/string_decoder/package.json
60 verbose installManyTop reading scoped package data from /Volumes/AppsDocs/nodejs/openepg/node_modules/through/package.json
61 verbose installManyTop reading scoped package data from /Volumes/AppsDocs/nodejs/openepg/node_modules/traverse/package.json
62 verbose installManyTop reading scoped package data from /Volumes/AppsDocs/nodejs/openepg/node_modules/uglify-js/package.json
63 verbose installManyTop reading scoped package data from /Volumes/AppsDocs/nodejs/openepg/node_modules/uid2/package.json
64 verbose installManyTop reading scoped package data from /Volumes/AppsDocs/nodejs/openepg/node_modules/underscore/package.json
65 verbose installManyTop reading scoped package data from /Volumes/AppsDocs/nodejs/openepg/node_modules/unorm/package.json
66 verbose installManyTop reading scoped package data from /Volumes/AppsDocs/nodejs/openepg/node_modules/weak/package.json
67 verbose installManyTop reading scoped package data from /Volumes/AppsDocs/nodejs/openepg/node_modules/wordwrap/package.json
68 verbose installManyTop reading scoped package data from /Volumes/AppsDocs/nodejs/openepg/node_modules/wrappy/package.json
69 info package.json async@0.2.10 No license field.
70 info package.json batch@0.5.0 No repository field.
71 info package.json batch@0.5.0 No license field.
72 info package.json buffer-crc32@0.2.1 No license field.
73 info package.json bytes@0.2.1 No repository field.
74 info package.json bytes@0.2.1 No license field.
75 info package.json commander@1.3.2 No license field.
76 info package.json connect@2.12.0 No license field.
77 info package.json cookie@0.1.0 No license field.
78 info package.json cookie-signature@1.0.1 No repository field.
79 info package.json cookie-signature@1.0.1 No license field.
80 info package.json debug@0.8.1 No license field.
81 info package.json dnode@1.2.2 No license field.
82 info package.json duplexer@0.1.1 No license field.
83 info package.json express3-handlebars@0.5.2 No license field.
84 info package.json fresh@0.2.0 No license field.
85 info package.json ftp-response-parser@1.0.1 No license field.
86 info package.json glob@3.2.11 license should be a valid SPDX license expression
87 info package.json jsonify@0.0.0 license should be a valid SPDX license expression
88 info package.json memwatch-next@0.3.0 No license field.
89 info package.json mime@1.2.11 No license field.
90 info package.json minimatch@0.3.0 license should be a valid SPDX license expression
91 info package.json optimist@0.3.7 license should be a valid SPDX license expression
92 info package.json parse-listing@1.1.3 No license field.
93 info package.json pause@0.0.1 No repository field.
94 info package.json pause@0.0.1 No license field.
95 info package.json qs@0.6.6 No license field.
96 info package.json range-parser@0.0.4 No repository field.
97 info package.json range-parser@0.0.4 No license field.
98 info package.json semver@2.3.2 license should be a valid SPDX license expression
99 info package.json send@0.1.4 No license field.
100 info package.json source-map@0.1.43 No license field.
101 info package.json stream-counter@0.2.0 license should be a valid SPDX license expression
102 info package.json string_decoder@0.10.31 string_decoder is also the name of a node core module.
103 info package.json uglify-js@2.3.6 No license field.
104 info package.json uid2@0.0.3 No repository field.
105 info package.json uid2@0.0.3 No license field.
106 info package.json unorm@1.4.1 license should be a valid SPDX license expression
107 verbose readDependencies loading dependencies from /Volumes/AppsDocs/nodejs/openepg/package.json
108 silly cache add args [ 'perl-nodejs', null ]
109 verbose cache add spec perl-nodejs
110 silly cache add parsed spec Result {
110 silly cache add   raw: 'perl-nodejs',
110 silly cache add   scope: null,
110 silly cache add   name: 'perl-nodejs',
110 silly cache add   rawSpec: '',
110 silly cache add   spec: 'latest',
110 silly cache add   type: 'tag' }
111 silly addNamed perl-nodejs@latest
112 verbose addNamed "latest" is being treated as a dist-tag for perl-nodejs
113 info addNameTag [ 'perl-nodejs', 'latest' ]
114 silly mapToRegistry name perl-nodejs
115 silly mapToRegistry using default registry
116 silly mapToRegistry registry https://registry.npmjs.org/
117 silly mapToRegistry data Result {
117 silly mapToRegistry   raw: 'perl-nodejs',
117 silly mapToRegistry   scope: null,
117 silly mapToRegistry   name: 'perl-nodejs',
117 silly mapToRegistry   rawSpec: '',
117 silly mapToRegistry   spec: 'latest',
117 silly mapToRegistry   type: 'tag' }
118 silly mapToRegistry uri https://registry.npmjs.org/perl-nodejs
119 verbose addNameTag registry:https://registry.npmjs.org/perl-nodejs not in flight; fetching
120 verbose request uri https://registry.npmjs.org/perl-nodejs
121 verbose request no auth needed
122 info attempt registry request try #1 at 12:22:39 PM
123 verbose request id 0fe0110798f8e116
124 http request GET https://registry.npmjs.org/perl-nodejs
125 http 404 https://registry.npmjs.org/perl-nodejs
126 verbose headers { 'content-type': 'application/json',
126 verbose headers   'cache-control': 'max-age=0',
126 verbose headers   'content-length': '2',
126 verbose headers   'accept-ranges': 'bytes',
126 verbose headers   date: 'Wed, 08 Nov 2017 05:22:54 GMT',
126 verbose headers   via: '1.1 varnish',
126 verbose headers   age: '0',
126 verbose headers   connection: 'keep-alive',
126 verbose headers   'x-served-by': 'cache-sin18031-SIN',
126 verbose headers   'x-cache': 'MISS',
126 verbose headers   'x-cache-hits': '0',
126 verbose headers   'x-timer': 'S1510118573.780757,VS0,VE1224',
126 verbose headers   vary: 'Accept-Encoding' }
127 silly get cb [ 404,
127 silly get   { 'content-type': 'application/json',
127 silly get     'cache-control': 'max-age=0',
127 silly get     'content-length': '2',
127 silly get     'accept-ranges': 'bytes',
127 silly get     date: 'Wed, 08 Nov 2017 05:22:54 GMT',
127 silly get     via: '1.1 varnish',
127 silly get     age: '0',
127 silly get     connection: 'keep-alive',
127 silly get     'x-served-by': 'cache-sin18031-SIN',
127 silly get     'x-cache': 'MISS',
127 silly get     'x-cache-hits': '0',
127 silly get     'x-timer': 'S1510118573.780757,VS0,VE1224',
127 silly get     vary: 'Accept-Encoding' } ]
128 verbose stack Error: Registry returned 404 for GET on https://registry.npmjs.org/perl-nodejs
128 verbose stack     at makeError (/usr/local/lib/node_modules/npm/node_modules/npm-registry-client/lib/request.js:264:12)
128 verbose stack     at CachingRegistryClient.<anonymous> (/usr/local/lib/node_modules/npm/node_modules/npm-registry-client/lib/request.js:242:14)
128 verbose stack     at Request._callback (/usr/local/lib/node_modules/npm/node_modules/npm-registry-client/lib/request.js:172:14)
128 verbose stack     at Request.self.callback (/usr/local/lib/node_modules/npm/node_modules/request/request.js:199:22)
128 verbose stack     at emitTwo (events.js:87:13)
128 verbose stack     at Request.emit (events.js:172:7)
128 verbose stack     at Request.<anonymous> (/usr/local/lib/node_modules/npm/node_modules/request/request.js:1036:10)
128 verbose stack     at emitOne (events.js:82:20)
128 verbose stack     at Request.emit (events.js:169:7)
128 verbose stack     at IncomingMessage.<anonymous> (/usr/local/lib/node_modules/npm/node_modules/request/request.js:963:12)
129 verbose statusCode 404
130 verbose pkgid perl-nodejs
131 verbose cwd /Volumes/AppsDocs/nodejs/openepg
132 error Darwin 15.6.0
133 error argv "/usr/local/bin/node" "/usr/local/bin/npm" "install" "perl-nodejs"
134 error node v4.4.2
135 error npm  v2.15.0
136 error code E404
137 error 404 Registry returned 404 for GET on https://registry.npmjs.org/perl-nodejs
137 error 404
137 error 404 'perl-nodejs' is not in the npm registry.
137 error 404 You should bug the author to publish it (or use the name yourself!)
137 error 404 It was specified as a dependency of 'openepg'
137 error 404
137 error 404 Note that you can also install from a
137 error 404 tarball, folder, http url, or git url.
138 verbose exit [ 1, true ]
